-encoding
UTF-8
-outxml
-source
1.6
-target
1.6
-classpath
C:\Users\admin\.m2\repository\aopalliance\aopalliance\1.0\aopalliance-1.0.jar;C:\Users\admin\.m2\repository\cglib\cglib-nodep\2.2.2\cglib-nodep-2.2.2.jar;C:\Users\admin\.m2\repository\com\applitools\eyes-sdk-java\2.3\eyes-sdk-java-2.3.jar;C:\Users\admin\.m2\repository\com\applitools\eyes-selenium-java\2.3\eyes-selenium-java-2.3.jar;C:\Users\admin\.m2\repository\com\fasterxml\jackson\core\jackson-annotations\2.1.2\jackson-annotations-2.1.2.jar;C:\Users\admin\.m2\repository\com\fasterxml\jackson\core\jackson-core\2.1.3\jackson-core-2.1.3.jar;C:\Users\admin\.m2\repository\com\fasterxml\jackson\core\jackson-databind\2.1.3\jackson-databind-2.1.3.jar;C:\Users\admin\.m2\repository\com\google\guava\guava\15.0\guava-15.0.jar;C:\Users\admin\.m2\repository\com\sun\jersey\jersey-client\1.16\jersey-client-1.16.jar;C:\Users\admin\.m2\repository\com\sun\jersey\jersey-core\1.16\jersey-core-1.16.jar;C:\Users\admin\.m2\repository\commons-beanutils\commons-beanutils\1.8.3\commons-beanutils-1.8.3.jar;C:\Users\admin\.m2\repository\commons-codec\commons-codec\1.5\commons-codec-1.5.jar;C:\Users\admin\.m2\repository\commons-collections\commons-collections\3.2.1\commons-collections-3.2.1.jar;C:\Users\admin\.m2\repository\commons-dbcp\commons-dbcp\1.3\commons-dbcp-1.3.jar;C:\Users\admin\.m2\repository\commons-digester\commons-digester\2.1\commons-digester-2.1.jar;C:\Users\admin\.m2\repository\commons-fileupload\commons-fileupload\1.3\commons-fileupload-1.3.jar;C:\Users\admin\.m2\repository\commons-io\commons-io\2.1\commons-io-2.1.jar;C:\Users\admin\.m2\repository\commons-lang\commons-lang\2.4\commons-lang-2.4.jar;C:\Users\admin\.m2\repository\commons-logging\commons-logging\1.1.3\commons-logging-1.1.3.jar;C:\Users\admin\.m2\repository\commons-pool\commons-pool\1.5.6\commons-pool-1.5.6.jar;C:\Users\admin\.m2\repository\io\netty\netty\3.5.2.Final\netty-3.5.2.Final.jar;C:\Users\admin\.m2\repository\javax\activation\activation\1.1.1\activation-1.1.1.jar;C:\Users\admin\.m2\repository\javax\annotation\javax.annotation-api\1.2\javax.annotation-api-1.2.jar;C:\Users\admin\.m2\repository\javax\el\el-api\1.0\el-api-1.0.jar;C:\Users\admin\.m2\repository\javax\inject\javax.inject\1\javax.inject-1.jar;C:\Users\admin\.m2\repository\javax\mail\mail\1.4.1\mail-1.4.1.jar;C:\Users\admin\.m2\repository\javax\servlet\servlet-api\2.5\servlet-api-2.5.jar;C:\Users\admin\.m2\repository\javax\servlet\jsp\jsp-api\2.1\jsp-api-2.1.jar;C:\Users\admin\.m2\repository\javax\servlet\jsp\jstl\jstl-api\1.2\jstl-api-1.2.jar;C:\Users\admin\.m2\repository\javax\transaction\jta\1.1\jta-1.1.jar;C:\Users\admin\.m2\repository\javax\validation\validation-api\1.0.0.GA\validation-api-1.0.0.GA.jar;C:\Users\admin\.m2\repository\javax\ws\rs\javax.ws.rs-api\2.0\javax.ws.rs-api-2.0.jar;C:\Users\admin\.m2\repository\joda-time\joda-time\1.6\joda-time-1.6.jar;C:\Users\admin\.m2\repository\log4j\log4j\1.2.16\log4j-1.2.16.jar;C:\Users\admin\.m2\repository\net\java\dev\jna\jna\3.4.0\jna-3.4.0.jar;C:\Users\admin\.m2\repository\net\java\dev\jna\platform\3.4.0\platform-3.4.0.jar;C:\Users\admin\.m2\repository\net\sf\flexjson\flexjson\2.1\flexjson-2.1.jar;C:\Users\admin\.m2\repository\net\sourceforge\cssparser\cssparser\0.9.13\cssparser-0.9.13.jar;C:\Users\admin\.m2\repository\net\sourceforge\htmlunit\htmlunit\2.14\htmlunit-2.14.jar;C:\Users\admin\.m2\repository\net\sourceforge\htmlunit\htmlunit-core-js\2.14\htmlunit-core-js-2.14.jar;C:\Users\admin\.m2\repository\net\sourceforge\nekohtml\nekohtml\1.9.20\nekohtml-1.9.20.jar;C:\Users\admin\.m2\repository\net\sourceforge\serp\serp\1.13.1\serp-1.13.1.jar;C:\Users\admin\.m2\repository\org\apache\commons\commons-exec\1.1\commons-exec-1.1.jar;C:\Users\admin\.m2\repository\org\apache\commons\commons-lang3\3.1\commons-lang3-3.1.jar;C:\Users\admin\.m2\repository\org\apache\geronimo\specs\geronimo-jpa_2.0_spec\1.1\geronimo-jpa_2.0_spec-1.1.jar;C:\Users\admin\.m2\repository\org\apache\geronimo\specs\geronimo-jta_1.1_spec\1.1.1\geronimo-jta_1.1_spec-1.1.1.jar;C:\Users\admin\.m2\repository\org\apache\httpcomponents\httpclient\4.3.1\httpclient-4.3.1.jar;C:\Users\admin\.m2\repository\org\apache\httpcomponents\httpcore\4.3\httpcore-4.3.jar;C:\Users\admin\.m2\repository\org\apache\httpcomponents\httpmime\4.3.2\httpmime-4.3.2.jar;C:\Users\admin\.m2\repository\org\apache\openjpa\openjpa\2.1.1\openjpa-2.1.1.jar;C:\Users\admin\.m2\repository\org\apache\tiles\tiles-api\2.2.2\tiles-api-2.2.2.jar;C:\Users\admin\.m2\repository\org\apache\tiles\tiles-core\2.2.2\tiles-core-2.2.2.jar;C:\Users\admin\.m2\repository\org\apache\tiles\tiles-jsp\2.2.2\tiles-jsp-2.2.2.jar;C:\Users\admin\.m2\repository\org\apache\tiles\tiles-servlet\2.2.2\tiles-servlet-2.2.2.jar;C:\Users\admin\.m2\repository\org\apache\tiles\tiles-template\2.2.2\tiles-template-2.2.2.jar;C:\Users\admin\.m2\repository\org\aspectj\aspectjrt\1.7.0.RC1\aspectjrt-1.7.0.RC1.jar;C:\Users\admin\.m2\repository\org\aspectj\aspectjweaver\1.7.0.RC1\aspectjweaver-1.7.0.RC1.jar;C:\Users\admin\.m2\repository\org\eclipse\jetty\jetty-http\8.1.14.v20131031\jetty-http-8.1.14.v20131031.jar;C:\Users\admin\.m2\repository\org\eclipse\jetty\jetty-io\8.1.14.v20131031\jetty-io-8.1.14.v20131031.jar;C:\Users\admin\.m2\repository\org\eclipse\jetty\jetty-util\8.1.14.v20131031\jetty-util-8.1.14.v20131031.jar;C:\Users\admin\.m2\repository\org\eclipse\jetty\jetty-websocket\8.1.14.v20131031\jetty-websocket-8.1.14.v20131031.jar;C:\Users\admin\.m2\repository\org\glassfish\hk2\hk2-api\2.2.0\hk2-api-2.2.0.jar;C:\Users\admin\.m2\repository\org\glassfish\hk2\hk2-locator\2.2.0\hk2-locator-2.2.0.jar;C:\Users\admin\.m2\repository\org\glassfish\hk2\hk2-utils\2.2.0\hk2-utils-2.2.0.jar;C:\Users\admin\.m2\repository\org\glassfish\hk2\osgi-resource-locator\1.0.1\osgi-resource-locator-1.0.1.jar;C:\Users\admin\.m2\repository\org\glassfish\hk2\external\aopalliance-repackaged\2.2.0\aopalliance-repackaged-2.2.0.jar;C:\Users\admin\.m2\repository\org\glassfish\hk2\external\javax.inject\2.2.0\javax.inject-2.2.0.jar;C:\Users\admin\.m2\repository\org\glassfish\jersey\bundles\repackaged\jersey-guava\2.6\jersey-guava-2.6.jar;C:\Users\admin\.m2\repository\org\glassfish\jersey\connectors\jersey-apache-connector\2.6\jersey-apache-connector-2.6.jar;C:\Users\admin\.m2\repository\org\glassfish\jersey\core\jersey-client\2.6\jersey-client-2.6.jar;C:\Users\admin\.m2\repository\org\glassfish\jersey\core\jersey-common\2.6\jersey-common-2.6.jar;C:\Users\admin\.m2\repository\org\glassfish\web\jstl-impl\1.2\jstl-impl-1.2.jar;C:\Users\admin\.m2\repository\org\hibernate\hibernate-validator\4.2.0.Final\hibernate-validator-4.2.0.Final.jar;C:\Users\admin\.m2\repository\org\hsqldb\hsqldb\1.8.0.10\hsqldb-1.8.0.10.jar;C:\Users\admin\.m2\repository\org\javassist\javassist\3.18.1-GA\javassist-3.18.1-GA.jar;C:\Users\admin\.m2\repository\org\json\json\20080701\json-20080701.jar;C:\Users\admin\.m2\repository\org\postgresql\postgresql\9.2-1004-jdbc4\postgresql-9.2-1004-jdbc4.jar;C:\Users\admin\.m2\repository\org\quartz-scheduler\quartz\1.8.6\quartz-1.8.6.jar;C:\Users\admin\.m2\repository\org\seleniumhq\selenium\selenium-api\2.42.2\selenium-api-2.42.2.jar;C:\Users\admin\.m2\repository\org\seleniumhq\selenium\selenium-chrome-driver\2.42.2\selenium-chrome-driver-2.42.2.jar;C:\Users\admin\.m2\repository\org\seleniumhq\selenium\selenium-firefox-driver\2.42.2\selenium-firefox-driver-2.42.2.jar;C:\Users\admin\.m2\repository\org\seleniumhq\selenium\selenium-htmlunit-driver\2.42.2\selenium-htmlunit-driver-2.42.2.jar;C:\Users\admin\.m2\repository\org\seleniumhq\selenium\selenium-ie-driver\2.42.2\selenium-ie-driver-2.42.2.jar;C:\Users\admin\.m2\repository\org\seleniumhq\selenium\selenium-java\2.42.2\selenium-java-2.42.2.jar;C:\Users\admin\.m2\repository\org\seleniumhq\selenium\selenium-remote-driver\2.42.2\selenium-remote-driver-2.42.2.jar;C:\Users\admin\.m2\repository\org\seleniumhq\selenium\selenium-safari-driver\2.42.2\selenium-safari-driver-2.42.2.jar;C:\Users\admin\.m2\repository\org\seleniumhq\selenium\selenium-support\2.42.2\selenium-support-2.42.2.jar;C:\Users\admin\.m2\repository\org\slf4j\jcl-over-slf4j\1.6.4\jcl-over-slf4j-1.6.4.jar;C:\Users\admin\.m2\repository\org\slf4j\slf4j-api\1.6.4\slf4j-api-1.6.4.jar;C:\Users\admin\.m2\repository\org\slf4j\slf4j-log4j12\1.6.4\slf4j-log4j12-1.6.4.jar;C:\Users\admin\.m2\repository\org\springframework\spring-aop\3.1.1.RELEASE\spring-aop-3.1.1.RELEASE.jar;C:\Users\admin\.m2\repository\org\springframework\spring-asm\3.1.1.RELEASE\spring-asm-3.1.1.RELEASE.jar;C:\Users\admin\.m2\repository\org\springframework\spring-aspects\3.1.1.RELEASE\spring-aspects-3.1.1.RELEASE.jar;C:\Users\admin\.m2\repository\org\springframework\spring-beans\3.1.1.RELEASE\spring-beans-3.1.1.RELEASE.jar;C:\Users\admin\.m2\repository\org\springframework\spring-context\3.1.1.RELEASE\spring-context-3.1.1.RELEASE.jar;C:\Users\admin\.m2\repository\org\springframework\spring-context-support\3.1.1.RELEASE\spring-context-support-3.1.1.RELEASE.jar;C:\Users\admin\.m2\repository\org\springframework\spring-core\3.1.1.RELEASE\spring-core-3.1.1.RELEASE.jar;C:\Users\admin\.m2\repository\org\springframework\spring-expression\3.1.1.RELEASE\spring-expression-3.1.1.RELEASE.jar;C:\Users\admin\.m2\repository\org\springframework\spring-jdbc\3.1.1.RELEASE\spring-jdbc-3.1.1.RELEASE.jar;C:\Users\admin\.m2\repository\org\springframework\spring-orm\3.1.1.RELEASE\spring-orm-3.1.1.RELEASE.jar;C:\Users\admin\.m2\repository\org\springframework\spring-tx\3.1.1.RELEASE\spring-tx-3.1.1.RELEASE.jar;C:\Users\admin\.m2\repository\org\springframework\spring-web\3.1.1.RELEASE\spring-web-3.1.1.RELEASE.jar;C:\Users\admin\.m2\repository\org\springframework\spring-webmvc\3.1.1.RELEASE\spring-webmvc-3.1.1.RELEASE.jar;C:\Users\admin\.m2\repository\org\springframework\roo\org.springframework.roo.annotations\1.2.2.RELEASE\org.springframework.roo.annotations-1.2.2.RELEASE.jar;C:\Users\admin\.m2\repository\org\springframework\security\spring-security-acl\3.1.0.RELEASE\spring-security-acl-3.1.0.RELEASE.jar;C:\Users\admin\.m2\repository\org\springframework\security\spring-security-config\3.1.0.RELEASE\spring-security-config-3.1.0.RELEASE.jar;C:\Users\admin\.m2\repository\org\springframework\security\spring-security-core\3.1.0.RELEASE\spring-security-core-3.1.0.RELEASE.jar;C:\Users\admin\.m2\repository\org\springframework\security\spring-security-crypto\3.1.0.RELEASE\spring-security-crypto-3.1.0.RELEASE.jar;C:\Users\admin\.m2\repository\org\springframework\security\spring-security-taglibs\3.1.0.RELEASE\spring-security-taglibs-3.1.0.RELEASE.jar;C:\Users\admin\.m2\repository\org\springframework\security\spring-security-web\3.1.0.RELEASE\spring-security-web-3.1.0.RELEASE.jar;C:\Users\admin\.m2\repository\org\springframework\webflow\spring-js-resources\2.2.1.RELEASE\spring-js-resources-2.2.1.RELEASE.jar;C:\Users\admin\.m2\repository\org\w3c\css\sac\1.3\sac-1.3.jar;C:\Users\admin\.m2\repository\org\webbitserver\webbit\0.4.14\webbit-0.4.14.jar;C:\Users\admin\.m2\repository\xalan\serializer\2.7.1\serializer-2.7.1.jar;C:\Users\admin\.m2\repository\xalan\xalan\2.7.1\xalan-2.7.1.jar;C:\Users\admin\.m2\repository\xerces\xercesImpl\2.11.0\xercesImpl-2.11.0.jar;C:\Users\admin\.m2\repository\xml-apis\xml-apis\1.4.01\xml-apis-1.4.01.jar;C:\workspace\bigbang\target\classes
-aspectpath
C:\Users\admin\.m2\repository\org\springframework\spring-aspects\3.1.1.RELEASE\spring-aspects-3.1.1.RELEASE.jar
-d
C:\workspace\bigbang\target\classes
C:\workspace\bigbang\src\main\java\com\aeiou\bigbang\web\BigTagController_Roo_Controller.aj
C:\workspace\bigbang\src\main\java\com\aeiou\bigbang\domain\Message.java
C:\workspace\bigbang\src\main\java\com\aeiou\bigbang\web\ApplicationConversionServiceFactoryBean_Roo_ConversionService.aj
C:\workspace\bigbang\src\main\java\com\aeiou\bigbang\domain\Remark_Roo_JavaBean.aj
C:\workspace\bigbang\src\main\java\com\aeiou\bigbang\web\PublicController.java
C:\workspace\bigbang\src\main\java\com\aeiou\bigbang\domain\Message_Roo_Json.aj
C:\workspace\bigbang\src\main\java\com\aeiou\bigbang\model\MediaUpload_Roo_JavaBean.aj
C:\workspace\bigbang\src\main\java\com\aeiou\bigbang\domain\Customize.java
C:\workspace\bigbang\src\main\java\com\aeiou\bigbang\domain\RssTwitter_Roo_Configurable.aj
C:\workspace\bigbang\src\main\java\com\aeiou\bigbang\web\CustomizeController_Roo_Controller.aj
C:\workspace\bigbang\src\main\java\com\aeiou\bigbang\domain\Customize_Roo_Jpa_Entity.aj
C:\workspace\bigbang\src\main\java\com\aeiou\bigbang\services\quartz\StgoCheckProcessor.java
C:\workspace\bigbang\src\main\java\com\aeiou\bigbang\domain\Content.java
C:\workspace\bigbang\src\main\java\com\aeiou\bigbang\util\BigType.java
C:\workspace\bigbang\src\main\java\com\aeiou\bigbang\domain\Twitter.java
C:\workspace\bigbang\src\main\java\com\aeiou\bigbang\web\TwitterController.java
C:\workspace\bigbang\src\main\java\com\aeiou\bigbang\domain\Twitter_Roo_Jpa_ActiveRecord.aj
C:\workspace\bigbang\src\main\java\com\aeiou\bigbang\domain\Content_Roo_Jpa_Entity.aj
C:\workspace\bigbang\src\main\java\com\aeiou\bigbang\domain\UserAccount_Roo_Jpa_Entity.aj
C:\workspace\bigbang\src\main\java\com\aeiou\bigbang\util\CookieHelper.java
C:\workspace\bigbang\src\main\java\com\aeiou\bigbang\domain\Circle_Roo_ToString.aj
C:\workspace\bigbang\src\main\java\com\aeiou\bigbang\domain\Content_Roo_Json.aj
C:\workspace\bigbang\src\main\java\com\aeiou\bigbang\domain\BigTag_Roo_Configurable.aj
C:\workspace\bigbang\src\main\java\com\aeiou\bigbang\backend\security\UserDetailsAuthenticationProvider.java
C:\workspace\bigbang\src\main\java\com\aeiou\bigbang\domain\Twitter_Roo_Jpa_Entity.aj
C:\workspace\bigbang\src\main\java\com\aeiou\bigbang\domain\Message_Roo_JavaBean.aj
C:\workspace\bigbang\src\main\java\com\aeiou\bigbang\domain\RssTwitter_Roo_Jpa_Entity.aj
C:\workspace\bigbang\src\main\java\com\aeiou\bigbang\services\secutiry\UserContextService.java
C:\workspace\bigbang\src\main\java\com\aeiou\bigbang\domain\Remark_Roo_Jpa_ActiveRecord.aj
C:\workspace\bigbang\src\main\java\com\aeiou\bigbang\web\UserAccountController_Roo_Controller.aj
C:\workspace\bigbang\src\main\java\com\aeiou\bigbang\web\ContentController_Roo_Controller_Json.aj
C:\workspace\bigbang\src\main\java\com\aeiou\bigbang\web\BigTagController.java
C:\workspace\bigbang\src\main\java\com\aeiou\bigbang\domain\Customize_Roo_JavaBean.aj
C:\workspace\bigbang\src\main\java\com\aeiou\bigbang\web\CustomizeController_Roo_Controller_Json.aj
C:\workspace\bigbang\src\main\java\com\aeiou\bigbang\backend\security\BigAuthenticationProcessingFilter.java
C:\workspace\bigbang\src\main\java\com\aeiou\bigbang\web\BaseController.java
C:\workspace\bigbang\src\main\java\com\aeiou\bigbang\web\TwitterController_Roo_Controller_Json.aj
C:\workspace\bigbang\src\main\java\com\aeiou\bigbang\domain\Remark_Roo_Json.aj
C:\workspace\bigbang\src\main\java\com\aeiou\bigbang\domain\BigTag_Roo_Jpa_ActiveRecord.aj
C:\workspace\bigbang\src\main\java\com\aeiou\bigbang\web\UserAccountController_Roo_Controller_Json.aj
C:\workspace\bigbang\src\main\java\com\aeiou\bigbang\domain\UserAccount_Roo_JavaBean.aj
C:\workspace\bigbang\src\main\java\com\aeiou\bigbang\domain\RssTwitter_Roo_ToString.aj
C:\workspace\bigbang\src\main\java\com\aeiou\bigbang\web\RemarkController.java
C:\workspace\bigbang\src\main\java\com\aeiou\bigbang\util\BigAuthority.java
C:\workspace\bigbang\src\main\java\com\aeiou\bigbang\web\RemarkController_Roo_Controller_Json.aj
C:\workspace\bigbang\src\main\java\com\aeiou\bigbang\model\MediaUpload_Roo_ToString.aj
C:\workspace\bigbang\src\main\java\com\aeiou\bigbang\util\BigUtil.java
C:\workspace\bigbang\src\main\java\com\aeiou\bigbang\domain\Customize_Roo_Jpa_ActiveRecord.aj
C:\workspace\bigbang\src\main\java\com\aeiou\bigbang\model\MediaUpload_Roo_Configurable.aj
C:\workspace\bigbang\src\main\java\com\aeiou\bigbang\model\MediaUpload_Roo_Jpa_Entity.aj
C:\workspace\bigbang\src\main\java\com\aeiou\bigbang\model\MediaUpload.java
C:\workspace\bigbang\src\main\java\com\aeiou\bigbang\domain\Circle_Roo_Jpa_ActiveRecord.aj
C:\workspace\bigbang\src\main\java\com\aeiou\bigbang\web\beans\RefreshBean.java
C:\workspace\bigbang\src\main\java\com\aeiou\bigbang\domain\Twitter_Roo_Json.aj
C:\workspace\bigbang\src\main\java\com\aeiou\bigbang\domain\UserAccount_Roo_Jpa_ActiveRecord.aj
C:\workspace\bigbang\src\main\java\com\aeiou\bigbang\domain\Remark_Roo_Configurable.aj
C:\workspace\bigbang\src\main\java\com\aeiou\bigbang\web\BigTagController_Roo_Controller_Json.aj
C:\workspace\bigbang\src\main\java\com\aeiou\bigbang\web\CircleController_Roo_Controller_Json.aj
C:\workspace\bigbang\src\main\java\com\aeiou\bigbang\services\synchronization\ClientSyncTool.java
C:\workspace\bigbang\src\main\java\com\aeiou\bigbang\util\MyCookieThemeResolver.java
C:\workspace\bigbang\src\main\java\com\aeiou\bigbang\domain\Content_Roo_ToString.aj
C:\workspace\bigbang\src\main\java\com\aeiou\bigbang\domain\BigTag_Roo_Jpa_Entity.aj
C:\workspace\bigbang\src\main\java\com\aeiou\bigbang\domain\Circle_Roo_Configurable.aj
C:\workspace\bigbang\src\main\java\com\aeiou\bigbang\domain\Customize_Roo_ToString.aj
C:\workspace\bigbang\src\main\java\com\aeiou\bigbang\backend\security\BigAuthenticationFailureHandler.java
C:\workspace\bigbang\src\main\java\com\aeiou\bigbang\domain\Content_Roo_JavaBean.aj
C:\workspace\bigbang\src\main\java\com\aeiou\bigbang\domain\Content_Roo_Jpa_ActiveRecord.aj
C:\workspace\bigbang\src\main\java\com\aeiou\bigbang\domain\Login.java
C:\workspace\bigbang\src\main\java\com\aeiou\bigbang\domain\Circle_Roo_JavaBean.aj
C:\workspace\bigbang\src\main\java\com\aeiou\bigbang\domain\Message_Roo_Jpa_Entity.aj
C:\workspace\bigbang\src\main\java\com\aeiou\bigbang\domain\Customize_Roo_Json.aj
C:\workspace\bigbang\src\main\java\com\aeiou\bigbang\domain\Remark_Roo_Jpa_Entity.aj
C:\workspace\bigbang\src\main\java\com\aeiou\bigbang\domain\Message_Roo_Jpa_ActiveRecord.aj
C:\workspace\bigbang\src\main\java\com\aeiou\bigbang\util\SpringApplicationContext.java
C:\workspace\bigbang\src\main\java\com\aeiou\bigbang\web\MessageController_Roo_Controller.aj
C:\workspace\bigbang\src\main\java\com\aeiou\bigbang\domain\Twitter_Roo_JavaBean.aj
C:\workspace\bigbang\src\main\java\com\aeiou\bigbang\domain\RssTwitter_Roo_Jpa_ActiveRecord.aj
C:\workspace\bigbang\src\main\java\com\aeiou\bigbang\web\TwitterController_Roo_Controller.aj
C:\workspace\bigbang\src\main\java\com\aeiou\bigbang\web\RemarkController_Roo_Controller.aj
C:\workspace\bigbang\src\main\java\com\aeiou\bigbang\model\MediaUpload_Roo_Jpa_ActiveRecord.aj
C:\workspace\bigbang\src\main\java\com\aeiou\bigbang\backend\security\BigAuthenticationSuccessHandler.java
C:\workspace\bigbang\src\main\java\com\aeiou\bigbang\domain\Message_Roo_ToString.aj
C:\workspace\bigbang\src\main\java\com\aeiou\bigbang\util\CookieHelperImpl.java
C:\workspace\bigbang\src\main\java\com\aeiou\bigbang\web\CircleController.java
C:\workspace\bigbang\src\main\java\com\aeiou\bigbang\config\spring\SecurityConfig.java
C:\workspace\bigbang\src\main\java\com\aeiou\bigbang\web\PersonalController.java
C:\workspace\bigbang\src\main\java\com\aeiou\bigbang\domain\BigTag.java
C:\workspace\bigbang\src\main\java\com\aeiou\bigbang\domain\BigTag_Roo_Json.aj
C:\workspace\bigbang\src\main\java\com\aeiou\bigbang\services\quartz\UpdatingBalanceJobProcessor.java
C:\workspace\bigbang\src\main\java\com\aeiou\bigbang\web\MessageController.java
C:\workspace\bigbang\src\main\java\com\aeiou\bigbang\backend\security\TokenBean.java
C:\workspace\bigbang\src\main\java\com\aeiou\bigbang\web\CircleController_Roo_Controller.aj
C:\workspace\bigbang\src\main\java\com\aeiou\bigbang\web\UserAccountController.java
C:\workspace\bigbang\src\main\java\com\aeiou\bigbang\domain\UserAccount_Roo_Json.aj
C:\workspace\bigbang\src\main\java\com\aeiou\bigbang\domain\Content_Roo_Configurable.aj
C:\workspace\bigbang\src\main\java\com\aeiou\bigbang\domain\BigTag_Roo_JavaBean.aj
C:\workspace\bigbang\src\main\java\com\aeiou\bigbang\domain\Twitter_Roo_Configurable.aj
C:\workspace\bigbang\src\main\java\com\aeiou\bigbang\web\ApplicationConversionServiceFactoryBean.java
C:\workspace\bigbang\src\main\java\com\aeiou\bigbang\domain\Customize_Roo_Configurable.aj
C:\workspace\bigbang\src\main\java\com\aeiou\bigbang\domain\RssTwitter.java
C:\workspace\bigbang\src\main\java\com\aeiou\bigbang\web\ContentController_Roo_Controller.aj
C:\workspace\bigbang\src\main\java\com\aeiou\bigbang\domain\Message_Roo_Configurable.aj
C:\workspace\bigbang\src\main\java\com\aeiou\bigbang\web\MessageController_Roo_Controller_Json.aj
C:\workspace\bigbang\src\main\java\com\aeiou\bigbang\domain\Remark.java
C:\workspace\bigbang\src\main\java\com\aeiou\bigbang\domain\RssTwitter_Roo_JavaBean.aj
C:\workspace\bigbang\src\main\java\com\aeiou\bigbang\backend\security\UserContextServiceImpl.java
C:\workspace\bigbang\src\main\java\com\aeiou\bigbang\web\ContentController.java
C:\workspace\bigbang\src\main\java\com\aeiou\bigbang\services\synchronization\SynchnizationManager.java
C:\workspace\bigbang\src\main\java\com\aeiou\bigbang\domain\UserAccount_Roo_Configurable.aj
C:\workspace\bigbang\src\main\java\com\aeiou\bigbang\domain\Circle.java
C:\workspace\bigbang\src\main\java\com\aeiou\bigbang\domain\Circle_Roo_Json.aj
C:\workspace\bigbang\src\main\java\com\aeiou\bigbang\web\CustomizeController.java
C:\workspace\bigbang\src\main\java\com\aeiou\bigbang\domain\Circle_Roo_Jpa_Entity.aj
C:\workspace\bigbang\src\main\java\com\aeiou\bigbang\domain\UserAccount.java
